Build started 15-09-2015 10:45:39.
     1>Project "C:\Users\Srivibhu\documents\visual studio 2010\Projects\BikerHeaven\BikerHeaven\BikerHeaven.vcxproj" on node 2 (build target(s)).
     1>InitializeBuildStatus:
         Creating "Debug\BikerHeaven.unsuccessfulbuild" because "AlwaysCreate" was specified.
       GenerateTargetFrameworkMonikerAttribute:
       Skipping target "GenerateTargetFrameworkMonikerAttribute" because all output files are up-to-date with respect to the input files.
       ClCompile:
         All outputs are up-to-date.
         c:\Program Files (x86)\Microsoft Visual Studio 10.0\VC\bin\CL.exe /c /AI"C:\Program Files (x86)\Reference Assemblies\Microsoft\Framework\.NETFramework\v4.0" /Zi /clr:pure /nologo /W3 /WX- /Od /Oy- /D WIN32 /D _DEBUG /D _UNICODE /D UNICODE /EHa /MDd /GS /fp:precise /Zc:wchar_t /Zc:forScope /Yu"StdAfx.h" /Fp"Debug\BikerHeaven.pch" /Fo"Debug\\" /Fd"Debug\vc100.pdb" /TP /FU"C:\Program Files (x86)\Reference Assemblies\Microsoft\Framework\.NETFramework\v4.0\System.Core.dll" /FU"C:\Program Files (x86)\Reference Assemblies\Microsoft\Framework\.NETFramework\v4.0\System.Data.dll" /FU"C:\Program Files (x86)\Reference Assemblies\Microsoft\Framework\.NETFramework\v4.0\System.dll" /FU"C:\Program Files (x86)\Reference Assemblies\Microsoft\Framework\.NETFramework\v4.0\System.Drawing.dll" /FU"C:\Program Files (x86)\Reference Assemblies\Microsoft\Framework\.NETFramework\v4.0\System.Windows.Forms.dll" /FU"C:\Program Files (x86)\Reference Assemblies\Microsoft\Framework\.NETFramework\v4.0\System.Xml.dll" /FUInterop\Interop.WMPLib.1.0.dll /FUInterop\AxInterop.WMPLib.1.0.dll /analyze- /errorReport:prompt BikerHeaven.cpp /clr:nostdlib 
         BikerHeaven.cpp
     1>c:\users\srivibhu\documents\visual studio 2010\projects\bikerheaven\bikerheaven\Form1.h(371): warning C4244: '=' : conversion from 'wchar_t' to 'char', possible loss of data
     1>c:\users\srivibhu\documents\visual studio 2010\projects\bikerheaven\bikerheaven\Form1.h(600): warning C4244: '=' : conversion from 'wchar_t' to 'char', possible loss of data
         All outputs are up-to-date.
       CoreResGen:
         No resources are out of date with respect to their source files. Skipping resource generation.
       ResourceCompile:
         All outputs are up-to-date.
       Link:
         c:\Program Files (x86)\Microsoft Visual Studio 10.0\VC\bin\link.exe /ERRORREPORT:PROMPT /OUT:"C:\Users\Srivibhu\documents\visual studio 2010\Projects\BikerHeaven\Debug\BikerHeaven.exe" /INCREMENTAL:NO /NOLOGO /ASSEMBLYRESOURCE:Debug\BikerHeaven.Form1.resources /MANIFEST /ManifestFile:"Debug\BikerHeaven.exe.intermediate.manifest" /MANIFESTUAC:"level='asInvoker' uiAccess='false'" /DEBUG /PDB:"C:\Users\Srivibhu\documents\visual studio 2010\Projects\BikerHeaven\Debug\BikerHeaven.pdb" /ASSEMBLYDEBUG /SUBSYSTEM:WINDOWS /TLBID:1 /ENTRY:"main" /DYNAMICBASE /FIXED:NO /NXCOMPAT /MACHINE:X86 Debug\app.res
         Debug\AssemblyInfo.obj
         Debug\BikerHeaven.obj
         Debug\stdafx.obj
         "Debug\.NETFramework,Version=v4.0.AssemblyAttributes.obj"
         BikerHeaven.vcxproj -> C:\Users\Srivibhu\documents\visual studio 2010\Projects\BikerHeaven\Debug\BikerHeaven.exe
       Manifest:
         C:\Program Files (x86)\Microsoft SDKs\Windows\v7.0A\bin\mt.exe /nologo /verbose /outputresource:"C:\Users\Srivibhu\documents\visual studio 2010\Projects\BikerHeaven\Debug\BikerHeaven.exe;#1" /manifest Debug\BikerHeaven.exe.intermediate.manifest
       FinalizeBuildStatus:
         Deleting file "Debug\BikerHeaven.unsuccessfulbuild".
         Touching "Debug\BikerHeaven.lastbuildstate".
     1>Done Building Project "C:\Users\Srivibhu\documents\visual studio 2010\Projects\BikerHeaven\BikerHeaven\BikerHeaven.vcxproj" (build target(s)).

Build succeeded.

Time Elapsed 00:00:03.48
